122.934600 24.456000 0499
123.783800 24.428200 0500
124.164400 24.340800 0750
123.787600 24.063400 0751
120.552980 23.462980 8118
120.357260 22.803310 AKND
120.813290 23.508170 ALIS
121.524720 24.959100 ANKN
121.426120 24.699480 BALN
121.442100 24.997650 BANC
121.571240 24.171750 BLOW
120.612390 23.417940 C001
120.577190 23.361740 C002
120.688730 23.979380 CAOT
121.373580 23.097400 CHEN
121.374530 23.098330 CHGO
120.433200 23.495970 CHIA
120.582150 24.271010 CHIN
120.828900 23.945380 CHIU
120.092750 23.055840 CHKU
121.661890 24.149210 CHNT
120.557300 24.066050 CHUA
121.125680 23.132360 CHUL
121.393100 23.452850 CHUN
120.140150 23.450760 CHYI
120.290800 23.393270 CHYN
119.429970 23.204630 CIME
120.481230 22.889590 CISH
120.220000 22.998850 CKSV
120.579600 22.430050 CLON
120.277840 22.754680 CTOU
120.452760 23.473040 CWEN
120.871830 24.422880 DAHU
120.864970 22.311300 DAJN
120.890040 22.340590 DAWU
121.280570 23.213180 DCHU
120.447990 23.673800 DNAN
121.482280 23.685120 DNFU
120.703510 22.915620 DONA
120.826880 24.262680 DOSH
120.932800 24.043080 DPIN
121.398030 23.631210 DSIN
120.419550 23.797590 ERLN
121.166110 22.942170 ERPN
120.593600 22.365250 FALI
121.519420 23.598450 FENP
120.856270 23.683550 FKDO
121.453350 23.746300 FLNM
121.937480 25.020370 FLON
120.724450 24.035160 FNGU
121.522000 23.598200 FONB
121.192160 22.790750 FUGN
120.320170 23.922310 FUNY
120.823310 24.011150 FUQE
121.352850 24.821200 FUSI
121.331460 24.799040 FUSN
120.590620 23.080290 GAIS
121.508160 24.981990 GS01
120.982330 24.809720 GS02
121.044060 24.776600 GS03
120.568400 23.567100 GS05
120.554210 23.465600 GS06
120.654820 23.482900 GS07
121.501490 25.203720 GS08
121.651930 25.208600 GS09
121.461540 25.146150 GS10
121.498760 25.133560 GS11
121.382760 25.053030 GS12
121.452240 25.020000 GS13
120.959450 24.803210 GS14
120.990490 24.766640 GS15
121.041600 24.747870 GS16
120.605840 23.561150 GS17
120.473780 23.484980 GS18
121.939970 24.842510 GS20
120.512370 24.097300 GS21
120.606270 24.090870 GS22
120.647680 24.094590 GS23
120.526080 24.025230 GS24
120.640220 23.986510 GS25
120.646020 23.869840 GS26
120.577870 23.824750 GS27
120.214360 23.080980 GS28
120.315820 23.075130 GS29
120.226280 23.020480 GS30
120.275760 23.018900 GS31
120.337090 23.025780 GS32
120.187810 22.964420 GS33
120.275130 22.939220 GS34
120.309380 22.935520 GS35
120.625330 24.362040 GS36
120.715430 24.328570 GS37
120.600580 24.279800 GS38
120.529590 24.184410 GS39
120.576300 24.181230 GS40
120.444930 23.377550 GS41
120.452010 23.273220 GS42
120.373600 23.257160 GS43
120.400390 23.222240 GS44
121.391000 23.607400 GUFU
120.588780 23.645860 GUKN
121.006550 24.202200 GUKW
121.687140 24.609510 HANS
120.984610 24.792520 HCHM
120.746450 22.003930 HENC
121.580920 25.294440 HERI
120.994170 23.793030 HLIU
121.308060 24.337700 HNSN
120.134880 23.188380 HOKN
120.894880 24.170780 HOPN
121.405100 23.555280 HRGN
121.014250 24.827750 HSIN
121.026450 24.280590 HSUE
121.613510 23.975380 HUAL
121.749440 24.309000 HUAP
119.669410 23.566400 HUSI
120.286620 23.729400 HUWE
121.029410 24.092330 HUYS
120.279300 23.360660 ICHU
121.756620 24.764040 ILAN
120.547420 23.513720 JHCI
119.613360 23.741420 JIBE
120.622780 22.329960 JLUT
120.524000 23.422970 JONP
121.371390 23.531600 JPEI
121.358890 23.341080 JPIN
121.423890 23.491980 JSUI
120.875370 24.683950 JUNA
121.226340 24.242470 JYAN
119.970970 25.959710 JYGU
120.288350 22.614490 KASH
120.632980 22.810190 KASU
120.782020 21.949420 KDNM
121.505740 23.472210 KNKO
121.176030 24.776660 KSHI
121.164250 23.049680 KUAN
120.507020 23.330980 KULN
121.080420 25.041050 KYIN
120.697980 23.946250 KZN1
121.558100 22.037310 LANY
120.635380 22.992900 LGUE
120.781800 24.343060 LIYU
120.402610 22.994580 LNCH
121.918070 25.097370 LNDO
121.378180 25.076370 LNKO
121.130560 22.906310 LONT
120.634220 24.153370 LSB0
121.771620 24.700030 LTUN
121.475890 22.658090 LUDA
120.435130 24.060010 LUKN
121.186050 24.035190 LUSN
120.652050 22.707640 MAJA
120.826260 23.263630 MESN
121.172470 24.082160 MFEN
120.810260 24.583450 MIAO
120.720900 23.275400 MINS
121.026850 23.200540 MOTN
121.810210 24.449340 NAAO
120.275810 22.938450 NCKU
121.550810 23.897240 NDHU
120.420080 22.908120 NEMN
121.453010 23.406210 NHSI
120.571410 22.503890 NJOU
121.382800 24.428200 NSAN
120.800900 24.225790 NSHE
120.636030 23.915680 PAKU
119.563740 23.565200 PANG
120.702870 23.108620 PAOL
121.610340 24.017880 PEPU
121.454340 23.319460 PING
120.640560 23.756060 PINT
120.305500 23.579890 PKGM
121.086600 24.578950 PLAN
120.982000 23.973880 PLIM
121.713950 24.933620 PLIN
120.459680 22.649850 PTUN
120.520110 23.964940 PUSN
120.508570 23.458940 RENI
120.339450 23.205420 S011
120.488260 23.059470 S012
120.802860 24.179550 S016
119.592370 23.655270 S01R
121.613850 25.040450 S101
120.475190 23.564370 S103
121.189380 22.820760 S104
121.112890 22.951650 S105
120.334090 23.050790 S106
120.934100 23.954420 S167
120.503310 22.942290 S169
120.767630 23.745960 S170
120.606170 22.644980 S23R
120.640640 22.717270 SAND
120.768730 24.414350 SANI
121.500870 25.260790 SANJ
120.768550 23.664480 SANL
121.651590 24.127790 SCHN
121.010160 24.932890 SFON
120.349650 22.581270 SGAN
120.691880 24.271630 SGUN
121.199490 23.108860 SHAN
120.921950 24.845080 SHJU
121.562150 25.291460 SHMN
121.562730 23.787610 SHUL
120.347810 23.021430 SHWA
121.542370 24.966800 SIND
121.254620 22.908290 SINL
120.853200 23.696490 SINY
120.481260 23.428540 SJPU
121.441400 23.811850 SLIN
121.635630 24.753110 SLNP
120.985840 24.397810 SONA
121.484860 24.205010 SPAO
120.377770 23.414150 SSUN
120.299880 23.477570 SUAN
121.867070 24.592390 SUAO
120.907580 24.291070 SUCH
120.908350 23.881240 SUN1
120.535130 24.290840 TACH
121.426890 25.181500 TANS
121.230870 23.125570 TAPE
121.237410 23.127060 TAPO
120.188810 23.720270 TASI
120.695070 24.461260 TASO
120.887050 23.481400 TATA
120.764190 23.159340 TAYN
120.654980 24.356210 TEGS
120.915670 23.277790 TENC
121.295590 24.607120 THAI
120.940710 24.465030 TIAN
121.007480 22.616080 TMAM
120.979100 24.799700 TNML
120.924800 24.662040 TOFN
121.632760 25.256910 TSHI
120.704100 24.472790 TSIO
121.147620 22.747130 TTSH
121.496130 24.574840 TUCN
121.300220 23.075160 TUNH
121.493580 23.965210 TUNM
120.404040 23.317240 TUNS
120.549510 23.535680 W021
120.664250 23.540790 W029
120.526330 23.186840 WANC
121.637560 25.169380 WANL
120.885190 23.607500 WANS
120.504310 22.606060 WDAN
120.699470 24.041940 WFEN
119.480800 23.567530 WIAN
121.058550 24.674630 WIPN
121.400660 25.117280 WUKU
121.308460 24.352280 WULI
121.041470 23.169260 WULU
120.368170 23.205240 WUST
121.185290 24.908450 YAME
121.601840 23.903500 YENL
121.539540 25.178880 YM01
121.560690 25.148380 YM02
121.604900 25.146610 YM03
121.565480 25.164000 YM05
121.574050 25.165710 YMSM
121.778930 24.861740 YNTS
120.085980 23.146550 YSAN
120.798570 23.883880 YUNL
120.959140 23.487300 YUSN
120.217560 22.943270 ZEND
